<?xml version="1.0" encoding="UTF-8"?>
<beans xmlns="http://www.springframework.org/schema/beans"
       xmlns:xsi="http://www.w3.org/2001/XMLSchema-instance"
       xmlns:mvc="http://www.springframework.org/schema/mvc"
       xmlns:context="http://www.springframework.org/schema/context"
       xsi:schemaLocation="http://www.springframework.org/schema/beans 
           http://www.springframework.org/schema/beans/spring-beans.xsd 
           http://www.springframework.org/schema/mvc 
           http://www.springframework.org/schema/mvc/spring-mvc.xsd 
           http://www.springframework.org/schema/context 
           http://www.springframework.org/schema/context/spring-context.xsd">

    <mvc:annotation-driven />

    <context:component-scan base-package="com.blueprint.gws" />

    <mvc:resources mapping="/static/**" location="/static/" />

    <bean id="jspViewResolver" class="org.springframework.web.servlet.view.InternalResourceViewResolver">
        <property name="viewClass" value="org.springframework.web.servlet.view.JstlView" />
        <property name="prefix" value="/WEB-INF/views/jsp/" />
        <property name="suffix" value=".jsp" />
    </bean>

    <!-- Application properties -->

    <bean id="webProperties" class="org.springframework.beans.factory.config.PropertiesFactoryBean">
        <property name="singleton" value="true" />
        <property name="ignoreResourceNotFound" value="true" />
        <property name="locations">
            <list>
                <value>classpath:config/data-source.properties</value>
                <value>classpath:config/app.properties</value>
            </list>
        </property>
    </bean>

    <context:property-placeholder ignore-unresolvable="true" properties-ref="webProperties" />
    
</beans>
